<?xml version="1.0" encoding="utf-8"?><testsuites name="pytest tests"><testsuite name="pytest" errors="0" failures="1" skipped="0" tests="7" time="61.558" timestamp="2026-05-19T14:39:05.691687+00:00" hostname="agent-env-522b0f96-615f-498f-8ce7-b2a931c8c47c"><testcase classname="backend.tests.backend_test" name="test_health" time="0.181" /><testcase classname="backend.tests.backend_test" name="test_auth_me_no_token" time="0.149" /><testcase classname="backend.tests.backend_test" name="test_auth_me_with_token" time="0.438" /><testcase classname="backend.tests.backend_test" name="test_google_session_endpoint_exists" time="0.214" /><testcase classname="backend.tests.backend_test" name="test_profile_update" time="0.285" /><testcase classname="backend.tests.backend_test" name="test_dashboard_shape" time="0.123" /><testcase classname="backend.tests.backend_test" name="test_planner_generate" time="60.103"><failure message="AssertionError: The preview environment is not responding. It may be starting up.&#10;  &#10;assert 502 == 200&#10; +  where 502 = &lt;Response [502]&gt;.status_code">E   AssertionError: The preview environment is not responding. It may be starting up.
      
    assert 502 == 200
     +  where 502 = &lt;Response [502]&gt;.status_code</failure></testcase></testsuite></testsuites>